# JRE version: OpenJDK Runtime Environment (23.0+1) (build 23-valhalla+1-90)
# Java VM: OpenJDK 64-Bit Server VM (23-valhalla+1-90, mixed mode, sharing, tiered, compressed oops, compressed class ptrs, g1 gc, windows-amd64)
GC Precious Log:
 CardTable entry size: 512
 Card Set container configuration: InlinePtr #cards 5 size 8 Array Of Cards #cards 10 size 36 Howl #buckets 4 coarsen threshold 1843 Howl Bitmap #cards 512 size 80 coarsen threshold 460 Card regions per heap region 1 cards per card region 2048
 CPUs: 8 total, 8 available
 Memory: 7103M
 Large Page Support: Disabled
 NUMA Support: Disabled
 Compressed Oops: Enabled (32-bit)
 Heap Region Size: 1M
 Heap Min Capacity: 8M
 Heap Initial Capacity: 112M
 Heap Max Capacity: 2G
 Pre-touch: Disabled
 Parallel Workers: 8
 Concurrent Workers: 2
 Concurrent Refinement Workers: 8
 Periodic GC: Disabled
Heap:
 garbage-first heap   total reserved 2097152K, committed 363520K, used 213912K [0x0000000080000000, 0x0000000100000000)
  region size 1024K, 10 young (10240K), 4 survivors (4096K)
 Metaspace       used 150870K, committed 153408K, reserved 1179648K
  class space    used 22215K, committed 23424K, reserved 1048576K
GC Heap History (20 events):
Event: 122.803 GC heap before
{Heap before GC invocations=66 (full 0):
 garbage-first heap   total reserved 2097152K, committed 291840K, used 190575K [0x0000000080000000, 0x0000000100000000)
  region size 1024K, 19 young (19456K), 8 survivors (8192K)
 Metaspace       used 122435K, committed 124864K, reserved 1179648K
  class space    used 17551K, committed 18752K, reserved 1048576K
}
Event: 122.815 GC heap after
{Heap after GC invocations=67 (full 0):
 garbage-first heap   total reserved 2097152K, committed 291840K, used 179575K [0x0000000080000000, 0x0000000100000000)
  region size 1024K, 2 young (2048K), 2 survivors (2048K)
 Metaspace       used 122435K, committed 124864K, reserved 1179648K
  class space    used 17551K, committed 18752K, reserved 1048576K
}
Event: 124.010 GC heap before
{Heap before GC invocations=68 (full 0):
 garbage-first heap   total reserved 2097152K, committed 302080K, used 245111K [0x0000000080000000, 0x0000000100000000)
  region size 1024K, 66 young (67584K), 2 survivors (2048K)
 Metaspace       used 122603K, committed 125056K, reserved 1179648K
  class space    used 17558K, committed 18752K, reserved 1048576K
}
Event: 124.021 GC heap after
{Heap after GC invocations=69 (full 0):
 garbage-first heap   total reserved 2097152K, committed 302080K, used 182244K [0x0000000080000000, 0x0000000100000000)
  region size 1024K, 4 young (4096K), 4 survivors (4096K)
 Metaspace       used 122603K, committed 125056K, reserved 1179648K
  class space    used 17558K, committed 18752K, reserved 1048576K
}
Event: 167.283 GC heap before
{Heap before GC invocations=69 (full 0):
 garbage-first heap   total reserved 2097152K, committed 302080K, used 280548K [0x0000000080000000, 0x0000000100000000)
  region size 1024K, 96 young (98304K), 4 survivors (4096K)
 Metaspace       used 125454K, committed 127808K, reserved 1179648K
  class space    used 17827K, committed 18944K, reserved 1048576K
}
Event: 167.427 GC heap after
{Heap after GC invocations=70 (full 0):
 garbage-first heap   total reserved 2097152K, committed 302080K, used 194560K [0x0000000080000000, 0x0000000100000000)
  region size 1024K, 12 young (12288K), 12 survivors (12288K)
 Metaspace       used 125454K, committed 127808K, reserved 1179648K
  class space    used 17827K, committed 18944K, reserved 1048576K
}
Event: 167.624 GC heap before
{Heap before GC invocations=70 (full 0):
 garbage-first heap   total reserved 2097152K, committed 302080K, used 194560K [0x0000000080000000, 0x0000000100000000)
  region size 1024K, 13 young (13312K), 12 survivors (12288K)
 Metaspace       used 125573K, committed 128000K, reserved 1179648K
  class space    used 17844K, committed 19008K, reserved 1048576K
}
Event: 167.665 GC heap after
{Heap after GC invocations=71 (full 0):
 garbage-first heap   total reserved 2097152K, committed 302080K, used 197049K [0x0000000080000000, 0x0000000100000000)
  region size 1024K, 2 young (2048K), 2 survivors (2048K)
 Metaspace       used 125573K, committed 128000K, reserved 1179648K
  class space    used 17844K, committed 19008K, reserved 1048576K
}
Event: 173.300 GC heap before
{Heap before GC invocations=72 (full 0):
 garbage-first heap   total reserved 2097152K, committed 332800K, used 277945K [0x0000000080000000, 0x0000000100000000)
  region size 1024K, 78 young (79872K), 2 survivors (2048K)
 Metaspace       used 126896K, committed 129344K, reserved 1179648K
  class space    used 18043K, committed 19200K, reserved 1048576K
}
Event: 173.317 GC heap after
{Heap after GC invocations=73 (full 0):
 garbage-first heap   total reserved 2097152K, committed 332800K, used 213751K [0x0000000080000000, 0x0000000100000000)
  region size 1024K, 10 young (10240K), 10 survivors (10240K)
 Metaspace       used 126896K, committed 129344K, reserved 1179648K
  class space    used 18043K, committed 19200K, reserved 1048576K
}
Event: 178.753 GC heap before
{Heap before GC invocations=73 (full 0):
 garbage-first heap   total reserved 2097152K, committed 332800K, used 300791K [0x0000000080000000, 0x0000000100000000)
  region size 1024K, 94 young (96256K), 10 survivors (10240K)
 Metaspace       used 128967K, committed 131328K, reserved 1179648K
  class space    used 18279K, committed 19392K, reserved 1048576K
}
Event: 178.770 GC heap after
{Heap after GC invocations=74 (full 0):
 garbage-first heap   total reserved 2097152K, committed 332800K, used 211818K [0x0000000080000000, 0x0000000100000000)
  region size 1024K, 6 young (6144K), 6 survivors (6144K)
 Metaspace       used 128967K, committed 131328K, reserved 1179648K
  class space    used 18279K, committed 19392K, reserved 1048576K
}
Event: 182.448 GC heap before
{Heap before GC invocations=74 (full 0):
 garbage-first heap   total reserved 2097152K, committed 332800K, used 300906K [0x0000000080000000, 0x0000000100000000)
  region size 1024K, 94 young (96256K), 6 survivors (6144K)
 Metaspace       used 139512K, committed 142016K, reserved 1179648K
  class space    used 20200K, committed 21376K, reserved 1048576K
}
Event: 182.479 GC heap after
{Heap after GC invocations=75 (full 0):
 garbage-first heap   total reserved 2097152K, committed 332800K, used 220513K [0x0000000080000000, 0x0000000100000000)
  region size 1024K, 12 young (12288K), 12 survivors (12288K)
 Metaspace       used 139512K, committed 142016K, reserved 1179648K
  class space    used 20200K, committed 21376K, reserved 1048576K
}
Event: 185.140 GC heap before
{Heap before GC invocations=76 (full 0):
 garbage-first heap   total reserved 2097152K, committed 363520K, used 296289K [0x0000000080000000, 0x0000000100000000)
  region size 1024K, 90 young (92160K), 12 survivors (12288K)
 Metaspace       used 145832K, committed 148288K, reserved 1179648K
  class space    used 21247K, committed 22400K, reserved 1048576K
}
Event: 185.205 GC heap after
{Heap after GC invocations=77 (full 0):
 garbage-first heap   total reserved 2097152K, committed 363520K, used 220988K [0x0000000080000000, 0x0000000100000000)
  region size 1024K, 4 young (4096K), 4 survivors (4096K)
 Metaspace       used 145832K, committed 148288K, reserved 1179648K
  class space    used 21247K, committed 22400K, reserved 1048576K
}
Event: 187.965 GC heap before
{Heap before GC invocations=77 (full 0):
 garbage-first heap   total reserved 2097152K, committed 363520K, used 334652K [0x0000000080000000, 0x0000000100000000)
  region size 1024K, 115 young (117760K), 4 survivors (4096K)
 Metaspace       used 151002K, committed 153536K, reserved 1179648K
  class space    used 22237K, committed 23424K, reserved 1048576K
}
Event: 187.985 GC heap after
{Heap after GC invocations=78 (full 0):
 garbage-first heap   total reserved 2097152K, committed 363520K, used 207563K [0x0000000080000000, 0x0000000100000000)
  region size 1024K, 15 young (15360K), 15 survivors (15360K)
 Metaspace       used 151002K, committed 153536K, reserved 1179648K
  class space    used 22237K, committed 23424K, reserved 1048576K
}
Event: 188.276 GC heap before
{Heap before GC invocations=78 (full 0):
 garbage-first heap   total reserved 2097152K, committed 363520K, used 221899K [0x0000000080000000, 0x0000000100000000)
  region size 1024K, 31 young (31744K), 15 survivors (15360K)
 Metaspace       used 151069K, committed 153600K, reserved 1179648K
  class space    used 22237K, committed 23424K, reserved 1048576K
}
Event: 188.303 GC heap after
{Heap after GC invocations=79 (full 0):
 garbage-first heap   total reserved 2097152K, committed 363520K, used 206744K [0x0000000080000000, 0x0000000100000000)
  region size 1024K, 4 young (4096K), 4 survivors (4096K)
 Metaspace       used 151069K, committed 153600K, reserved 1179648K
  class space    used 22237K, committed 23424K, reserved 1048576K
}

